{
    "meta": {
        "format": 2,
        "version": "7.5.1",
        "timestamp": "2024-05-08T20:54:57.018127",
        "branch_coverage": false,
        "show_contexts": false
    },
    "files": {
        "manage.py": {
            "executed_lines": [
                2,
                3,
                4,
                6,
                8,
                9,
                10,
                17,
                20,
                21
            ],
            "summary": {
                "covered_lines": 10,
                "num_statements": 12,
                "percent_covered": 83.33333333333333,
                "percent_covered_display": "83",
                "missing_lines": 2,
                "excluded_lines": 0
            },
            "missing_lines": [
                11,
                12
            ],
            "excluded_lines": []
        },
        "todo_api/__init__.py": {
            "executed_lines": [
                0
            ],
            "summary": {
                "covered_lines": 0,
                "num_statements": 0,
                "percent_covered": 100.0,
                "percent_covered_display": "100",
                "missing_lines": 0,
                "excluded_lines": 0
            },
            "missing_lines": [],
            "excluded_lines": []
        },
        "todo_api/admin.py": {
            "executed_lines": [
                1,
                2,
                4
            ],
            "summary": {
                "covered_lines": 3,
                "num_statements": 3,
                "percent_covered": 100.0,
                "percent_covered_display": "100",
                "missing_lines": 0,
                "excluded_lines": 0
            },
            "missing_lines": [],
            "excluded_lines": []
        },
        "todo_api/apps.py": {
            "executed_lines": [
                1,
                4,
                5,
                6
            ],
            "summary": {
                "covered_lines": 4,
                "num_statements": 4,
                "percent_covered": 100.0,
                "percent_covered_display": "100",
                "missing_lines": 0,
                "excluded_lines": 0
            },
            "missing_lines": [],
            "excluded_lines": []
        },
        "todo_api/filters.py": {
            "executed_lines": [
                1,
                2,
                5,
                6,
                7,
                8,
                10,
                11,
                12
            ],
            "summary": {
                "covered_lines": 9,
                "num_statements": 9,
                "percent_covered": 100.0,
                "percent_covered_display": "100",
                "missing_lines": 0,
                "excluded_lines": 0
            },
            "missing_lines": [],
            "excluded_lines": []
        },
        "todo_api/migrations/0001_initial.py": {
            "executed_lines": [
                3,
                4,
                5,
                6,
                9,
                11,
                13,
                17
            ],
            "summary": {
                "covered_lines": 8,
                "num_statements": 8,
                "percent_covered": 100.0,
                "percent_covered_display": "100",
                "missing_lines": 0,
                "excluded_lines": 0
            },
            "missing_lines": [],
            "excluded_lines": []
        },
        "todo_api/migrations/__init__.py": {
            "executed_lines": [
                0
            ],
            "summary": {
                "covered_lines": 0,
                "num_statements": 0,
                "percent_covered": 100.0,
                "percent_covered_display": "100",
                "missing_lines": 0,
                "excluded_lines": 0
            },
            "missing_lines": [],
            "excluded_lines": []
        },
        "todo_api/models.py": {
            "executed_lines": [
                1,
                2,
                3,
                5,
                6,
                7,
                8,
                9,
                10,
                11,
                12,
                14
            ],
            "summary": {
                "covered_lines": 12,
                "num_statements": 13,
                "percent_covered": 92.3076923076923,
                "percent_covered_display": "92",
                "missing_lines": 1,
                "excluded_lines": 0
            },
            "missing_lines": [
                15
            ],
            "excluded_lines": []
        },
        "todo_api/serializers.py": {
            "executed_lines": [
                1,
                2,
                3,
                4,
                6,
                7,
                8,
                9,
                10,
                13,
                14,
                15,
                16,
                17,
                26,
                27,
                28
            ],
            "summary": {
                "covered_lines": 17,
                "num_statements": 17,
                "percent_covered": 100.0,
                "percent_covered_display": "100",
                "missing_lines": 0,
                "excluded_lines": 0
            },
            "missing_lines": [],
            "excluded_lines": []
        },
        "todo_api/tests.py": {
            "executed_lines": [
                1,
                2,
                3,
                4,
                6,
                7,
                9,
                10,
                11,
                13,
                14,
                15,
                16,
                19,
                20,
                22,
                23,
                32,
                33,
                34,
                35,
                36,
                39,
                40,
                41,
                42,
                45,
                46,
                47,
                51,
                52,
                55,
                56,
                57,
                61,
                62,
                65,
                66,
                67,
                68,
                71,
                72,
                73,
                74,
                75,
                76,
                77,
                78,
                81,
                82,
                83,
                84,
                87,
                88,
                89,
                90,
                93,
                94,
                95,
                96,
                97,
                98,
                99,
                101,
                104,
                105,
                106,
                107,
                108,
                109,
                111,
                112,
                118,
                119,
                120,
                121,
                122,
                123,
                124,
                127,
                128,
                129,
                135,
                136,
                137,
                138,
                140,
                143,
                144,
                145,
                146,
                147,
                152,
                153,
                154,
                155,
                157,
                158,
                159,
                160,
                163,
                172,
                173,
                174,
                175,
                176,
                177,
                180,
                181,
                190,
                191,
                194,
                195,
                196,
                197,
                198,
                199,
                200,
                203,
                204,
                205,
                206,
                211,
                212,
                213,
                214,
                216,
                217,
                221,
                222,
                223,
                224,
                225,
                228,
                229,
                230,
                231,
                232,
                233,
                234,
                236,
                237,
                240,
                243,
                244,
                245,
                246,
                247,
                248,
                250,
                251,
                253,
                254,
                255,
                256
            ],
            "summary": {
                "covered_lines": 155,
                "num_statements": 162,
                "percent_covered": 95.67901234567901,
                "percent_covered_display": "96",
                "missing_lines": 7,
                "excluded_lines": 0
            },
            "missing_lines": [
                164,
                165,
                166,
                167,
                169,
                218,
                219
            ],
            "excluded_lines": []
        },
        "todo_api/urls.py": {
            "executed_lines": [
                1,
                2,
                4,
                5,
                7
            ],
            "summary": {
                "covered_lines": 5,
                "num_statements": 5,
                "percent_covered": 100.0,
                "percent_covered_display": "100",
                "missing_lines": 0,
                "excluded_lines": 0
            },
            "missing_lines": [],
            "excluded_lines": []
        },
        "todo_api/views.py": {
            "executed_lines": [
                1,
                2,
                3,
                4,
                5,
                6,
                9,
                10,
                11,
                12,
                15,
                16,
                19,
                20,
                21,
                23
            ],
            "summary": {
                "covered_lines": 16,
                "num_statements": 16,
                "percent_covered": 100.0,
                "percent_covered_display": "100",
                "missing_lines": 0,
                "excluded_lines": 0
            },
            "missing_lines": [],
            "excluded_lines": []
        },
        "todo_app/__init__.py": {
            "executed_lines": [
                0
            ],
            "summary": {
                "covered_lines": 0,
                "num_statements": 0,
                "percent_covered": 100.0,
                "percent_covered_display": "100",
                "missing_lines": 0,
                "excluded_lines": 0
            },
            "missing_lines": [],
            "excluded_lines": []
        },
        "todo_app/asgi.py": {
            "executed_lines": [],
            "summary": {
                "covered_lines": 0,
                "num_statements": 4,
                "percent_covered": 0.0,
                "percent_covered_display": "0",
                "missing_lines": 4,
                "excluded_lines": 0
            },
            "missing_lines": [
                10,
                12,
                14,
                16
            ],
            "excluded_lines": []
        },
        "todo_app/settings.py": {
            "executed_lines": [
                1,
                13,
                14,
                15,
                16,
                18,
                21,
                28,
                31,
                33,
                38,
                56,
                67,
                69,
                85,
                91,
                106,
                121,
                126,
                133,
                134,
                136,
                137,
                139,
                141,
                153,
                155,
                157,
                159,
                165,
                170,
                172
            ],
            "summary": {
                "covered_lines": 31,
                "num_statements": 31,
                "percent_covered": 100.0,
                "percent_covered_display": "100",
                "missing_lines": 0,
                "excluded_lines": 0
            },
            "missing_lines": [],
            "excluded_lines": []
        },
        "todo_app/urls.py": {
            "executed_lines": [
                1,
                17,
                18,
                20
            ],
            "summary": {
                "covered_lines": 3,
                "num_statements": 3,
                "percent_covered": 100.0,
                "percent_covered_display": "100",
                "missing_lines": 0,
                "excluded_lines": 0
            },
            "missing_lines": [],
            "excluded_lines": []
        },
        "todo_app/wsgi.py": {
            "executed_lines": [],
            "summary": {
                "covered_lines": 0,
                "num_statements": 4,
                "percent_covered": 0.0,
                "percent_covered_display": "0",
                "missing_lines": 4,
                "excluded_lines": 0
            },
            "missing_lines": [
                10,
                12,
                14,
                16
            ],
            "excluded_lines": []
        }
    },
    "totals": {
        "covered_lines": 273,
        "num_statements": 291,
        "percent_covered": 93.81443298969072,
        "percent_covered_display": "94",
        "missing_lines": 18,
        "excluded_lines": 0
    }
}